[2024-02-12 07:46:29] [1] [WARN] Reporting disabled: using no op test run registrar
[2024-02-12 07:46:29] [1] [INFO] TEST [SwagLabsCarinaBench - textChangesOnClickingCartButton] STARTED at [08:46:29 2024-02-12]
[2024-02-12 07:46:29] [1] [ERROR] Undefined error on capture screenshot detected!
[2024-02-12 07:46:29] [1] [ERROR] Failure detected on screenshot generation after failure: 
[2024-02-12 07:46:29] [1] [ERROR] TEST [SwagLabsCarinaBench - textChangesOnClickingCartButton] FAILED at [08:46:29 2024-02-12] - Session ID is null. Using WebDriver after calling quit()?
Build info: version: '4.7.0', revision: '0a5b49d16f'
System info: os.name: 'Mac OS X', os.arch: 'aarch64', os.version: '14.0', java.version: '20.0.1'
Driver info: io.appium.java_client.ios.IOSDriver
Command: [null, findElements {using=name, value=test-Item}]
Capabilities {appium:app: /Users/akhivyk/Downloads/iO..., appium:automationName: XCUITest, appium:databaseEnabled: false, appium:deviceName: iPhone 15 Pro, appium:deviceType: phone, appium:javascriptEnabled: true, appium:language: en, appium:locale: en_US, appium:locationContextEnabled: false, appium:networkConnectionEnabled: false, appium:platformVersion: 17.2, appium:takesScreenshot: true, appium:udid: 1DEED7D2-B655-46BC-943A-C52..., appium:webStorageEnabled: false, platformName: IOS}

org.openqa.selenium.remote.HttpCommandExecutor.execute(HttpCommandExecutor.java:145)
io.appium.java_client.remote.AppiumCommandExecutor.execute(AppiumCommandExecutor.java:262)
org.openqa.selenium.remote.RemoteWebDriver.execute(RemoteWebDriver.java:541)
org.openqa.selenium.remote.ElementLocation$ElementFinder$2.findElements(ElementLocation.java:179)
org.openqa.selenium.remote.ElementLocation.findElements(ElementLocation.java:108)
org.openqa.selenium.remote.RemoteWebDriver.findElements$original$1IbuRAI7(RemoteWebDriver.java:380)
org.openqa.selenium.remote.RemoteWebDriver.findElements$original$1IbuRAI7$accessor$1mDEYyRv(RemoteWebDriver.java)
org.openqa.selenium.remote.RemoteWebDriver$auxiliary$GD4hNxT8.call(Unknown Source)
com.zebrunner.agent.core.webdriver.PublicMethodInvocationInterceptor.onPublicMethodInvocation(PublicMethodInvocationInterceptor.java:18)
org.openqa.selenium.remote.RemoteWebDriver.findElements(RemoteWebDriver.java)
org.openqa.selenium.remote.RemoteWebDriver.findElements$original$1IbuRAI7(RemoteWebDriver.java:372)
org.openqa.selenium.remote.RemoteWebDriver.findElements$original$1IbuRAI7$accessor$1mDEYyRv(RemoteWebDriver.java)
org.openqa.selenium.remote.RemoteWebDriver$auxiliary$82ZVTqua.call(Unknown Source)
com.zebrunner.agent.core.webdriver.PublicMethodInvocationInterceptor.onPublicMethodInvocation(PublicMethodInvocationInterceptor.java:18)
org.openqa.selenium.remote.RemoteWebDriver.findElements(RemoteWebDriver.java)
io.appium.java_client.pagefactory.bys.ContentMappedBy.findElements(ContentMappedBy.java:54)
org.openqa.selenium.remote.ElementLocation$ElementFinder$1.findElements(ElementLocation.java:146)
org.openqa.selenium.remote.ElementLocation.findElements(ElementLocation.java:102)
org.openqa.selenium.remote.RemoteWebDriver.findElements$original$1IbuRAI7(RemoteWebDriver.java:380)
org.openqa.selenium.remote.RemoteWebDriver.findElements$original$1IbuRAI7$accessor$1mDEYyRv(RemoteWebDriver.java)
org.openqa.selenium.remote.RemoteWebDriver$auxiliary$GD4hNxT8.call(Unknown Source)
com.zebrunner.agent.core.webdriver.PublicMethodInvocationInterceptor.onPublicMethodInvocation(PublicMethodInvocationInterceptor.java:18)
org.openqa.selenium.remote.RemoteWebDriver.findElements(RemoteWebDriver.java)
org.openqa.selenium.remote.RemoteWebDriver.findElements$original$1IbuRAI7(RemoteWebDriver.java:372)
org.openqa.selenium.remote.RemoteWebDriver.findElements$original$1IbuRAI7$accessor$1mDEYyRv(RemoteWebDriver.java)
org.openqa.selenium.remote.RemoteWebDriver$auxiliary$82ZVTqua.call(Unknown Source)
com.zebrunner.agent.core.webdriver.PublicMethodInvocationInterceptor.onPublicMethodInvocation(PublicMethodInvocationInterceptor.java:18)
org.openqa.selenium.remote.RemoteWebDriver.findElements(RemoteWebDriver.java)
java.base/jdk.internal.reflect.DirectMethodHandleAccessor.invoke(DirectMethodHandleAccessor.java:104)
java.base/java.lang.reflect.Method.invoke(Method.java:578)
org.openqa.selenium.support.decorators.WebDriverDecorator.call(WebDriverDecorator.java:247)
org.openqa.selenium.support.decorators.DefaultDecorated.call(DefaultDecorated.java:48)
org.openqa.selenium.support.decorators.WebDriverDecorator.lambda$createProxy$0(WebDriverDecorator.java:309)
net.bytebuddy.renamed.java.lang.Object$ByteBuddy$Cm0ZeVpN.findElements(Unknown Source)
com.zebrunner.carina.webdriver.locator.ExtendedElementLocator.findElements(ExtendedElementLocator.java:169)
com.zebrunner.carina.webdriver.locator.internal.AbstractUIObjectListHandler.invoke(AbstractUIObjectListHandler.java:82)
jdk.proxy2/jdk.proxy2.$Proxy91.stream(Unknown Source)
com.solvd.carina.demo.mobile.gui.pages.swaglabs.MainPage.findItemOnPage(MainPage.java:53)
com.solvd.carina.demo.swaglabs.SwagLabsTest.textChangesOnClickingCartButton(SwagLabsIOSTest.java:78)
java.base/jdk.internal.reflect.DirectMethodHandleAccessor.invoke(DirectMethodHandleAccessor.java:104)
java.base/java.lang.reflect.Method.invoke(Method.java:578)
org.testng.internal.invokers.MethodInvocationHelper.invokeMethod(MethodInvocationHelper.java:139)
org.testng.internal.invokers.TestInvoker.invokeMethod(TestInvoker.java:677)
org.testng.internal.invokers.TestInvoker.invokeTestMethod(TestInvoker.java:221)
org.testng.internal.invokers.MethodRunner.runInSequence(MethodRunner.java:50)
org.testng.internal.invokers.TestInvoker$MethodInvocationAgent.invoke(TestInvoker.java:969)
org.testng.internal.invokers.TestInvoker.invokeTestMethods(TestInvoker.java:194)
org.testng.internal.invokers.TestMethodWorker.invokeTestMethods(TestMethodWorker.java:148)
org.testng.internal.invokers.TestMethodWorker.run(TestMethodWorker.java:128)
java.base/java.util.ArrayList.forEach(ArrayList.java:1511)
org.testng.TestRunner.privateRun(TestRunner.java:829)
org.testng.TestRunner.run(TestRunner.java:602)
org.testng.SuiteRunner.runTest(SuiteRunner.java:437)
org.testng.SuiteRunner.runSequentially(SuiteRunner.java:431)
org.testng.SuiteRunner.privateRun(SuiteRunner.java:391)
org.testng.SuiteRunner.run(SuiteRunner.java:330)
org.testng.SuiteRunnerWorker.runSuite(SuiteRunnerWorker.java:52)
org.testng.SuiteRunnerWorker.run(SuiteRunnerWorker.java:95)
org.testng.TestNG.runSuitesSequentially(TestNG.java:1256)
org.testng.TestNG.runSuitesLocally(TestNG.java:1176)
org.testng.TestNG.runSuites(TestNG.java:1099)
org.testng.TestNG.run(TestNG.java:1067)
com.intellij.rt.testng.IDEARemoteTestNG.run(IDEARemoteTestNG.java:66)
com.intellij.rt.testng.RemoteTestNGStarter.main(RemoteTestNGStarter.java:105)
